<?xml version="1.0" encoding="UTF-8"?>
<coverage generated="1715866347242" clover="3.2.0">
  <project timestamp="1715866347242" name="All files">
    <metrics statements="7" coveredstatements="7" conditionals="1" coveredconditionals="1" methods="3" coveredmethods="3" elements="11" coveredelements="11" complexity="0" loc="7" ncloc="7" packages="1" files="1" classes="1"/>
    <file name="VinBuilder.ts" path="C:\Users\SPAZI9\Desktop\Vinner\src\VinBuilder.ts">
      <metrics statements="7" coveredstatements="7" conditionals="1" coveredconditionals="1" methods="3" coveredmethods="3"/>
      <line num="1" count="1" type="stmt"/>
      <line num="3" count="5" type="cond" truecount="1" falsecount="0"/>
      <line num="4" count="1" type="stmt"/>
      <line num="8" count="1" type="stmt"/>
      <line num="11" count="1" type="stmt"/>
      <line num="15" count="1" type="stmt"/>
      <line num="18" count="4" type="stmt"/>
    </file>
  </project>
</coverage>
