{"/Users/ydh0rs/Desktop/work/vinner-it-typescript/src/VinBuilder.ts": {"path":"/Users/ydh0rs/Desktop/work/vinner-it-typescript/src/VinBuilder.ts","statementMap":{"0":{"start":{"line":3,"column":8},"end":{"line":3,"column":44}},"1":{"start":{"line":1,"column":0},"end":{"line":1,"column":13}}},"fnMap":{"0":{"name":"(anonymous_0)","decl":{"start":{"line":2,"column":4},"end":{"line":2,"column":10}},"loc":{"start":{"line":2,"column":30},"end":{"line":4,"column":5}}}},"branchMap":{},"s":{"0":1,"1":1},"f":{"0":1},"b":{}}
}
